<?xml version="1.0" encoding="UTF-8"?>
<testsuite xmlns:xsi="http://www.w3.org/2001/XMLSchema-instance" xsi:noNamespaceSchemaLocation="https://maven.apache.org/surefire/maven-surefire-plugin/xsd/surefire-test-report.xsd" name="com.knits.enterprise.service.company.GroupServiceTest" time="0.023" tests="3" errors="0" skipped="0" failures="0">
  <properties>
    <property name="java.specification.version" value="20"/>
    <property name="sun.jnu.encoding" value="UTF-8"/>
    <property name="java.class.path" value="/Users/nikitakasnikov/Enterprise-nikasn-clean/target/test-classes:/Users/nikitakasnikov/Enterprise-nikasn-clean/target/classes:/Users/nikitakasnikov/.m2/repository/org/apache/commons/commons-lang3/3.12.0/commons-lang3-3.12.0.jar:/Users/nikitakasnikov/.m2/repository/javax/validation/validation-api/2.0.1.Final/validation-api-2.0.1.Final.jar:/Users/nikitakasnikov/.m2/repository/org/projectlombok/lombok/1.18.24/lombok-1.18.24.jar:/Users/nikitakasnikov/.m2/repository/org/mapstruct/mapstruct/1.5.3.Final/mapstruct-1.5.3.Final.jar:/Users/nikitakasnikov/.m2/repository/org/mapstruct/mapstruct-processor/1.5.3.Final/mapstruct-processor-1.5.3.Final.jar:/Users/nikitakasnikov/.m2/repository/mysql/mysql-connector-java/8.0.26/mysql-connector-java-8.0.26.jar:/Users/nikitakasnikov/.m2/repository/org/postgresql/postgresql/42.2.23/postgresql-42.2.23.jar:/Users/nikitakasnikov/.m2/repository/org/checkerframework/checker-qual/3.5.0/checker-qual-3.5.0.jar:/Users/nikitakasnikov/.m2/repository/org/springframework/boot/spring-boot-starter-data-jpa/2.5.3/spring-boot-starter-data-jpa-2.5.3.jar:/Users/nikitakasnikov/.m2/repository/org/springframework/boot/spring-boot-starter-aop/2.5.3/spring-boot-starter-aop-2.5.3.jar:/Users/nikitakasnikov/.m2/repository/org/springframework/spring-aop/5.3.9/spring-aop-5.3.9.jar:/Users/nikitakasnikov/.m2/repository/org/aspectj/aspectjweaver/1.9.7/aspectjweaver-1.9.7.jar:/Users/nikitakasnikov/.m2/repository/org/springframework/boot/spring-boot-starter-jdbc/2.5.3/spring-boot-starter-jdbc-2.5.3.jar:/Users/nikitakasnikov/.m2/repository/com/zaxxer/HikariCP/4.0.3/HikariCP-4.0.3.jar:/Users/nikitakasnikov/.m2/repository/org/springframework/spring-jdbc/5.3.9/spring-jdbc-5.3.9.jar:/Users/nikitakasnikov/.m2/repository/jakarta/transaction/jakarta.transaction-api/1.3.3/jakarta.transaction-api-1.3.3.jar:/Users/nikitakasnikov/.m2/repository/jakarta/persistence/jakarta.persistence-api/2.2.3/jakarta.persistence-api-2.2.3.jar:/Users/nikitakasnikov/.m2/repository/org/hibernate/hibernate-core/5.4.32.Final/hibernate-core-5.4.32.Final.jar:/Users/nikitakasnikov/.m2/repository/org/jboss/logging/jboss-logging/3.4.2.Final/jboss-logging-3.4.2.Final.jar:/Users/nikitakasnikov/.m2/repository/org/javassist/javassist/3.27.0-GA/javassist-3.27.0-GA.jar:/Users/nikitakasnikov/.m2/repository/net/bytebuddy/byte-buddy/1.10.22/byte-buddy-1.10.22.jar:/Users/nikitakasnikov/.m2/repository/antlr/antlr/2.7.7/antlr-2.7.7.jar:/Users/nikitakasnikov/.m2/repository/org/jboss/jandex/2.2.3.Final/jandex-2.2.3.Final.jar:/Users/nikitakasnikov/.m2/repository/com/fasterxml/classmate/1.5.1/classmate-1.5.1.jar:/Users/nikitakasnikov/.m2/repository/org/dom4j/dom4j/2.1.3/dom4j-2.1.3.jar:/Users/nikitakasnikov/.m2/repository/org/hibernate/common/hibernate-commons-annotations/5.1.2.Final/hibernate-commons-annotations-5.1.2.Final.jar:/Users/nikitakasnikov/.m2/repository/org/glassfish/jaxb/jaxb-runtime/2.3.4/jaxb-runtime-2.3.4.jar:/Users/nikitakasnikov/.m2/repository/org/glassfish/jaxb/txw2/2.3.4/txw2-2.3.4.jar:/Users/nikitakasnikov/.m2/repository/com/sun/istack/istack-commons-runtime/3.0.12/istack-commons-runtime-3.0.12.jar:/Users/nikitakasnikov/.m2/repository/com/sun/activation/jakarta.activation/1.2.2/jakarta.activation-1.2.2.jar:/Users/nikitakasnikov/.m2/repository/org/springframework/data/spring-data-jpa/2.5.3/spring-data-jpa-2.5.3.jar:/Users/nikitakasnikov/.m2/repository/org/springframework/data/spring-data-commons/2.5.3/spring-data-commons-2.5.3.jar:/Users/nikitakasnikov/.m2/repository/org/springframework/spring-orm/5.3.9/spring-orm-5.3.9.jar:/Users/nikitakasnikov/.m2/repository/org/springframework/spring-context/5.3.9/spring-context-5.3.9.jar:/Users/nikitakasnikov/.m2/repository/org/springframework/spring-tx/5.3.9/spring-tx-5.3.9.jar:/Users/nikitakasnikov/.m2/repository/org/springframework/spring-beans/5.3.9/spring-beans-5.3.9.jar:/Users/nikitakasnikov/.m2/repository/org/springframework/spring-aspects/5.3.9/spring-aspects-5.3.9.jar:/Users/nikitakasnikov/.m2/repository/org/springframework/boot/spring-boot-starter-web/2.5.3/spring-boot-starter-web-2.5.3.jar:/Users/nikitakasnikov/.m2/repository/org/springframework/boot/spring-boot-starter/2.5.3/spring-boot-starter-2.5.3.jar:/Users/nikitakasnikov/.m2/repository/org/springframework/boot/spring-boot/2.5.3/spring-boot-2.5.3.jar:/Users/nikitakasnikov/.m2/repository/org/springframework/boot/spring-boot-autoconfigure/2.5.3/spring-boot-autoconfigure-2.5.3.jar:/Users/nikitakasnikov/.m2/repository/org/springframework/boot/spring-boot-starter-logging/2.5.3/spring-boot-starter-logging-2.5.3.jar:/Users/nikitakasnikov/.m2/repository/ch/qos/logback/logback-classic/1.2.4/logback-classic-1.2.4.jar:/Users/nikitakasnikov/.m2/repository/ch/qos/logback/logback-core/1.2.4/logback-core-1.2.4.jar:/Users/nikitakasnikov/.m2/repository/org/apache/logging/log4j/log4j-to-slf4j/2.14.1/log4j-to-slf4j-2.14.1.jar:/Users/nikitakasnikov/.m2/repository/org/apache/logging/log4j/log4j-api/2.14.1/log4j-api-2.14.1.jar:/Users/nikitakasnikov/.m2/repository/org/slf4j/jul-to-slf4j/1.7.32/jul-to-slf4j-1.7.32.jar:/Users/nikitakasnikov/.m2/repository/jakarta/annotation/jakarta.annotation-api/1.3.5/jakarta.annotation-api-1.3.5.jar:/Users/nikitakasnikov/.m2/repository/org/springframework/boot/spring-boot-starter-json/2.5.3/spring-boot-starter-json-2.5.3.jar:/Users/nikitakasnikov/.m2/repository/com/fasterxml/jackson/core/jackson-databind/2.12.4/jackson-databind-2.12.4.jar:/Users/nikitakasnikov/.m2/repository/com/fasterxml/jackson/core/jackson-annotations/2.12.4/jackson-annotations-2.12.4.jar:/Users/nikitakasnikov/.m2/repository/com/fasterxml/jackson/datatype/jackson-datatype-jdk8/2.12.4/jackson-datatype-jdk8-2.12.4.jar:/Users/nikitakasnikov/.m2/repository/com/fasterxml/jackson/datatype/jackson-datatype-jsr310/2.12.4/jackson-datatype-jsr310-2.12.4.jar:/Users/nikitakasnikov/.m2/repository/com/fasterxml/jackson/module/jackson-module-parameter-names/2.12.4/jackson-module-parameter-names-2.12.4.jar:/Users/nikitakasnikov/.m2/repository/org/springframework/boot/spring-boot-starter-tomcat/2.5.3/spring-boot-starter-tomcat-2.5.3.jar:/Users/nikitakasnikov/.m2/repository/org/apache/tomcat/embed/tomcat-embed-core/9.0.50/tomcat-embed-core-9.0.50.jar:/Users/nikitakasnikov/.m2/repository/org/apache/tomcat/embed/tomcat-embed-websocket/9.0.50/tomcat-embed-websocket-9.0.50.jar:/Users/nikitakasnikov/.m2/repository/org/springframework/spring-web/5.3.9/spring-web-5.3.9.jar:/Users/nikitakasnikov/.m2/repository/org/springframework/spring-webmvc/5.3.9/spring-webmvc-5.3.9.jar:/Users/nikitakasnikov/.m2/repository/org/springframework/spring-expression/5.3.9/spring-expression-5.3.9.jar:/Users/nikitakasnikov/.m2/repository/org/liquibase/liquibase-core/4.16.1/liquibase-core-4.16.1.jar:/Users/nikitakasnikov/.m2/repository/javax/xml/bind/jaxb-api/2.3.1/jaxb-api-2.3.1.jar:/Users/nikitakasnikov/.m2/repository/javax/activation/javax.activation-api/1.2.0/javax.activation-api-1.2.0.jar:/Users/nikitakasnikov/.m2/repository/org/yaml/snakeyaml/1.28/snakeyaml-1.28.jar:/Users/nikitakasnikov/.m2/repository/com/opencsv/opencsv/5.6/opencsv-5.6.jar:/Users/nikitakasnikov/.m2/repository/org/apache/commons/commons-text/1.9/commons-text-1.9.jar:/Users/nikitakasnikov/.m2/repository/org/springframework/boot/spring-boot-starter-validation/2.5.3/spring-boot-starter-validation-2.5.3.jar:/Users/nikitakasnikov/.m2/repository/org/apache/tomcat/embed/tomcat-embed-el/9.0.50/tomcat-embed-el-9.0.50.jar:/Users/nikitakasnikov/.m2/repository/org/hibernate/validator/hibernate-validator/6.2.0.Final/hibernate-validator-6.2.0.Final.jar:/Users/nikitakasnikov/.m2/repository/jakarta/validation/jakarta.validation-api/2.0.2/jakarta.validation-api-2.0.2.jar:/Users/nikitakasnikov/.m2/repository/org/liquibase/liquibase-maven-plugin/4.16.1/liquibase-maven-plugin-4.16.1.jar:/Users/nikitakasnikov/.m2/repository/org/liquibase/liquibase-commercial/4.16.1/liquibase-commercial-4.16.1.jar:/Users/nikitakasnikov/.m2/repository/org/springdoc/springdoc-openapi-ui/1.6.12/springdoc-openapi-ui-1.6.12.jar:/Users/nikitakasnikov/.m2/repository/org/springdoc/springdoc-openapi-webmvc-core/1.6.12/springdoc-openapi-webmvc-core-1.6.12.jar:/Users/nikitakasnikov/.m2/repository/org/springdoc/springdoc-openapi-common/1.6.12/springdoc-openapi-common-1.6.12.jar:/Users/nikitakasnikov/.m2/repository/io/swagger/core/v3/swagger-core/2.2.4/swagger-core-2.2.4.jar:/Users/nikitakasnikov/.m2/repository/com/fasterxml/jackson/dataformat/jackson-dataformat-yaml/2.12.4/jackson-dataformat-yaml-2.12.4.jar:/Users/nikitakasnikov/.m2/repository/io/swagger/core/v3/swagger-annotations/2.2.4/swagger-annotations-2.2.4.jar:/Users/nikitakasnikov/.m2/repository/io/swagger/core/v3/swagger-models/2.2.4/swagger-models-2.2.4.jar:/Users/nikitakasnikov/.m2/repository/org/webjars/swagger-ui/4.14.3/swagger-ui-4.14.3.jar:/Users/nikitakasnikov/.m2/repository/org/webjars/webjars-locator-core/0.46/webjars-locator-core-0.46.jar:/Users/nikitakasnikov/.m2/repository/com/fasterxml/jackson/core/jackson-core/2.12.4/jackson-core-2.12.4.jar:/Users/nikitakasnikov/.m2/repository/io/github/classgraph/classgraph/4.8.149/classgraph-4.8.149.jar:/Users/nikitakasnikov/.m2/repository/org/springframework/boot/spring-boot-starter-test/2.5.3/spring-boot-starter-test-2.5.3.jar:/Users/nikitakasnikov/.m2/repository/org/springframework/boot/spring-boot-test/2.5.3/spring-boot-test-2.5.3.jar:/Users/nikitakasnikov/.m2/repository/org/springframework/boot/spring-boot-test-autoconfigure/2.5.3/spring-boot-test-autoconfigure-2.5.3.jar:/Users/nikitakasnikov/.m2/repository/com/jayway/jsonpath/json-path/2.5.0/json-path-2.5.0.jar:/Users/nikitakasnikov/.m2/repository/net/minidev/json-smart/2.4.7/json-smart-2.4.7.jar:/Users/nikitakasnikov/.m2/repository/net/minidev/accessors-smart/2.4.7/accessors-smart-2.4.7.jar:/Users/nikitakasnikov/.m2/repository/org/ow2/asm/asm/9.1/asm-9.1.jar:/Users/nikitakasnikov/.m2/repository/jakarta/xml/bind/jakarta.xml.bind-api/2.3.3/jakarta.xml.bind-api-2.3.3.jar:/Users/nikitakasnikov/.m2/repository/jakarta/activation/jakarta.activation-api/1.2.2/jakarta.activation-api-1.2.2.jar:/Users/nikitakasnikov/.m2/repository/org/assertj/assertj-core/3.19.0/assertj-core-3.19.0.jar:/Users/nikitakasnikov/.m2/repository/org/hamcrest/hamcrest/2.2/hamcrest-2.2.jar:/Users/nikitakasnikov/.m2/repository/org/junit/jupiter/junit-jupiter/5.7.2/junit-jupiter-5.7.2.jar:/Users/nikitakasnikov/.m2/repository/org/junit/jupiter/junit-jupiter-api/5.7.2/junit-jupiter-api-5.7.2.jar:/Users/nikitakasnikov/.m2/repository/org/apiguardian/apiguardian-api/1.1.0/apiguardian-api-1.1.0.jar:/Users/nikitakasnikov/.m2/repository/org/opentest4j/opentest4j/1.2.0/opentest4j-1.2.0.jar:/Users/nikitakasnikov/.m2/repository/org/junit/platform/junit-platform-commons/1.7.2/junit-platform-commons-1.7.2.jar:/Users/nikitakasnikov/.m2/repository/org/junit/jupiter/junit-jupiter-params/5.7.2/junit-jupiter-params-5.7.2.jar:/Users/nikitakasnikov/.m2/repository/org/junit/jupiter/junit-jupiter-engine/5.7.2/junit-jupiter-engine-5.7.2.jar:/Users/nikitakasnikov/.m2/repository/org/junit/platform/junit-platform-engine/1.7.2/junit-platform-engine-1.7.2.jar:/Users/nikitakasnikov/.m2/repository/org/mockito/mockito-core/3.9.0/mockito-core-3.9.0.jar:/Users/nikitakasnikov/.m2/repository/net/bytebuddy/byte-buddy-agent/1.10.22/byte-buddy-agent-1.10.22.jar:/Users/nikitakasnikov/.m2/repository/org/objenesis/objenesis/3.2/objenesis-3.2.jar:/Users/nikitakasnikov/.m2/repository/org/mockito/mockito-junit-jupiter/3.9.0/mockito-junit-jupiter-3.9.0.jar:/Users/nikitakasnikov/.m2/repository/org/skyscreamer/jsonassert/1.5.0/jsonassert-1.5.0.jar:/Users/nikitakasnikov/.m2/repository/com/vaadin/external/google/android-json/0.0.20131108.vaadin1/android-json-0.0.20131108.vaadin1.jar:/Users/nikitakasnikov/.m2/repository/org/springframework/spring-core/5.3.9/spring-core-5.3.9.jar:/Users/nikitakasnikov/.m2/repository/org/springframework/spring-jcl/5.3.9/spring-jcl-5.3.9.jar:/Users/nikitakasnikov/.m2/repository/org/springframework/spring-test/5.3.9/spring-test-5.3.9.jar:/Users/nikitakasnikov/.m2/repository/org/xmlunit/xmlunit-core/2.8.2/xmlunit-core-2.8.2.jar:/Users/nikitakasnikov/.m2/repository/com/h2database/h2/1.4.200/h2-1.4.200.jar:/Users/nikitakasnikov/.m2/repository/org/apache/poi/poi/5.0.0/poi-5.0.0.jar:/Users/nikitakasnikov/.m2/repository/org/slf4j/slf4j-api/1.7.32/slf4j-api-1.7.32.jar:/Users/nikitakasnikov/.m2/repository/org/slf4j/jcl-over-slf4j/1.7.32/jcl-over-slf4j-1.7.32.jar:/Users/nikitakasnikov/.m2/repository/commons-codec/commons-codec/1.15/commons-codec-1.15.jar:/Users/nikitakasnikov/.m2/repository/org/apache/commons/commons-collections4/4.4/commons-collections4-4.4.jar:/Users/nikitakasnikov/.m2/repository/org/apache/commons/commons-math3/3.6.1/commons-math3-3.6.1.jar:/Users/nikitakasnikov/.m2/repository/com/zaxxer/SparseBitSet/1.2/SparseBitSet-1.2.jar:/Users/nikitakasnikov/.m2/repository/org/apache/poi/poi-ooxml/5.0.0/poi-ooxml-5.0.0.jar:/Users/nikitakasnikov/.m2/repository/org/apache/poi/poi-ooxml-lite/5.0.0/poi-ooxml-lite-5.0.0.jar:/Users/nikitakasnikov/.m2/repository/org/apache/xmlbeans/xmlbeans/4.0.0/xmlbeans-4.0.0.jar:/Users/nikitakasnikov/.m2/repository/org/apache/commons/commons-compress/1.20/commons-compress-1.20.jar:/Users/nikitakasnikov/.m2/repository/com/github/virtuald/curvesapi/1.06/curvesapi-1.06.jar:/Users/nikitakasnikov/.m2/repository/org/bouncycastle/bcpkix-jdk15on/1.68/bcpkix-jdk15on-1.68.jar:/Users/nikitakasnikov/.m2/repository/org/bouncycastle/bcprov-jdk15on/1.68/bcprov-jdk15on-1.68.jar:/Users/nikitakasnikov/.m2/repository/org/apache/santuario/xmlsec/2.2.1/xmlsec-2.2.1.jar:/Users/nikitakasnikov/.m2/repository/com/fasterxml/woodstox/woodstox-core/5.2.1/woodstox-core-5.2.1.jar:/Users/nikitakasnikov/.m2/repository/org/codehaus/woodstox/stax2-api/4.2/stax2-api-4.2.jar:/Users/nikitakasnikov/.m2/repository/org/apache/xmlgraphics/batik-all/1.13/batik-all-1.13.jar:/Users/nikitakasnikov/.m2/repository/org/apache/xmlgraphics/batik-anim/1.13/batik-anim-1.13.jar:/Users/nikitakasnikov/.m2/repository/org/apache/xmlgraphics/batik-shared-resources/1.13/batik-shared-resources-1.13.jar:/Users/nikitakasnikov/.m2/repository/xml-apis/xml-apis-ext/1.3.04/xml-apis-ext-1.3.04.jar:/Users/nikitakasnikov/.m2/repository/org/apache/xmlgraphics/batik-awt-util/1.13/batik-awt-util-1.13.jar:/Users/nikitakasnikov/.m2/repository/org/apache/xmlgraphics/xmlgraphics-commons/2.4/xmlgraphics-commons-2.4.jar:/Users/nikitakasnikov/.m2/repository/commons-io/commons-io/1.3.1/commons-io-1.3.1.jar:/Users/nikitakasnikov/.m2/repository/org/apache/xmlgraphics/batik-bridge/1.13/batik-bridge-1.13.jar:/Users/nikitakasnikov/.m2/repository/org/apache/xmlgraphics/batik-codec/1.13/batik-codec-1.13.jar:/Users/nikitakasnikov/.m2/repository/org/apache/xmlgraphics/batik-constants/1.13/batik-constants-1.13.jar:/Users/nikitakasnikov/.m2/repository/org/apache/xmlgraphics/batik-css/1.13/batik-css-1.13.jar:/Users/nikitakasnikov/.m2/repository/org/apache/xmlgraphics/batik-dom/1.13/batik-dom-1.13.jar:/Users/nikitakasnikov/.m2/repository/xalan/xalan/2.7.2/xalan-2.7.2.jar:/Users/nikitakasnikov/.m2/repository/xalan/serializer/2.7.2/serializer-2.7.2.jar:/Users/nikitakasnikov/.m2/repository/xml-apis/xml-apis/1.4.01/xml-apis-1.4.01.jar:/Users/nikitakasnikov/.m2/repository/org/apache/xmlgraphics/batik-ext/1.13/batik-ext-1.13.jar:/Users/nikitakasnikov/.m2/repository/org/apache/xmlgraphics/batik-extension/1.13/batik-extension-1.13.jar:/Users/nikitakasnikov/.m2/repository/org/apache/xmlgraphics/batik-gui-util/1.13/batik-gui-util-1.13.jar:/Users/nikitakasnikov/.m2/repository/org/apache/xmlgraphics/batik-gvt/1.13/batik-gvt-1.13.jar:/Users/nikitakasnikov/.m2/repository/org/apache/xmlgraphics/batik-i18n/1.13/batik-i18n-1.13.jar:/Users/nikitakasnikov/.m2/repository/org/apache/xmlgraphics/batik-parser/1.13/batik-parser-1.13.jar:/Users/nikitakasnikov/.m2/repository/org/apache/xmlgraphics/batik-rasterizer-ext/1.13/batik-rasterizer-ext-1.13.jar:/Users/nikitakasnikov/.m2/repository/org/apache/xmlgraphics/batik-rasterizer/1.13/batik-rasterizer-1.13.jar:/Users/nikitakasnikov/.m2/repository/org/apache/xmlgraphics/batik-script/1.13/batik-script-1.13.jar:/Users/nikitakasnikov/.m2/repository/org/apache/xmlgraphics/batik-slideshow/1.13/batik-slideshow-1.13.jar:/Users/nikitakasnikov/.m2/repository/org/apache/xmlgraphics/batik-squiggle-ext/1.13/batik-squiggle-ext-1.13.jar:/Users/nikitakasnikov/.m2/repository/org/apache/xmlgraphics/batik-squiggle/1.13/batik-squiggle-1.13.jar:/Users/nikitakasnikov/.m2/repository/org/apache/xmlgraphics/batik-svg-dom/1.13/batik-svg-dom-1.13.jar:/Users/nikitakasnikov/.m2/repository/org/apache/xmlgraphics/batik-svgbrowser/1.13/batik-svgbrowser-1.13.jar:/Users/nikitakasnikov/.m2/repository/org/apache/xmlgraphics/batik-svggen/1.13/batik-svggen-1.13.jar:/Users/nikitakasnikov/.m2/repository/org/apache/xmlgraphics/batik-svgpp/1.13/batik-svgpp-1.13.jar:/Users/nikitakasnikov/.m2/repository/org/apache/xmlgraphics/batik-svgrasterizer/1.13/batik-svgrasterizer-1.13.jar:/Users/nikitakasnikov/.m2/repository/org/apache/xmlgraphics/batik-swing/1.13/batik-swing-1.13.jar:/Users/nikitakasnikov/.m2/repository/org/apache/xmlgraphics/batik-transcoder/1.13/batik-transcoder-1.13.jar:/Users/nikitakasnikov/.m2/repository/org/apache/xmlgraphics/batik-util/1.13/batik-util-1.13.jar:/Users/nikitakasnikov/.m2/repository/org/apache/xmlgraphics/batik-ttf2svg/1.13/batik-ttf2svg-1.13.jar:/Users/nikitakasnikov/.m2/repository/org/apache/xmlgraphics/batik-xml/1.13/batik-xml-1.13.jar:/Users/nikitakasnikov/.m2/repository/de/rototor/pdfbox/graphics2d/0.30/graphics2d-0.30.jar:/Users/nikitakasnikov/.m2/repository/org/apache/pdfbox/pdfbox/2.0.22/pdfbox-2.0.22.jar:/Users/nikitakasnikov/.m2/repository/org/apache/pdfbox/fontbox/2.0.22/fontbox-2.0.22.jar:/Users/nikitakasnikov/.m2/repository/io/rest-assured/rest-assured/5.2.0/rest-assured-5.2.0.jar:/Users/nikitakasnikov/.m2/repository/org/apache/groovy/groovy/4.0.1/groovy-4.0.1.jar:/Users/nikitakasnikov/.m2/repository/org/apache/httpcomponents/httpclient/4.5.13/httpclient-4.5.13.jar:/Users/nikitakasnikov/.m2/repository/org/apache/httpcomponents/httpcore/4.4.14/httpcore-4.4.14.jar:/Users/nikitakasnikov/.m2/repository/org/apache/httpcomponents/httpmime/4.5.13/httpmime-4.5.13.jar:/Users/nikitakasnikov/.m2/repository/org/ccil/cowan/tagsoup/tagsoup/1.2.1/tagsoup-1.2.1.jar:/Users/nikitakasnikov/.m2/repository/io/rest-assured/json-path/4.3.3/json-path-4.3.3.jar:/Users/nikitakasnikov/.m2/repository/org/codehaus/groovy/groovy-json/3.0.8/groovy-json-3.0.8.jar:/Users/nikitakasnikov/.m2/repository/org/codehaus/groovy/groovy/3.0.8/groovy-3.0.8.jar:/Users/nikitakasnikov/.m2/repository/io/rest-assured/xml-path/5.2.0/xml-path-5.2.0.jar:/Users/nikitakasnikov/.m2/repository/org/apache/groovy/groovy-xml/4.0.1/groovy-xml-4.0.1.jar:/Users/nikitakasnikov/.m2/repository/io/rest-assured/rest-assured-common/5.2.0/rest-assured-common-5.2.0.jar:"/>
    <property name="java.vm.vendor" value="Oracle Corporation"/>
    <property name="sun.arch.data.model" value="64"/>
    <property name="java.vendor.url" value="https://java.oracle.com/"/>
    <property name="os.name" value="Mac OS X"/>
    <property name="java.vm.specification.version" value="20"/>
    <property name="sun.java.launcher" value="SUN_STANDARD"/>
    <property name="user.country" value="EE"/>
    <property name="sun.boot.library.path" value="/Users/nikitakasnikov/Library/Java/JavaVirtualMachines/openjdk-20.0.1/Contents/Home/lib"/>
    <property name="sun.java.command" value="/Users/nikitakasnikov/Enterprise-nikasn-clean/target/surefire/surefirebooter13563381110901939045.jar /Users/nikitakasnikov/Enterprise-nikasn-clean/target/surefire 2024-02-19T23-37-42_005-jvmRun1 surefire357990742060748779tmp surefire_014597798516687865475tmp"/>
    <property name="http.nonProxyHosts" value="local|*.local|169.254/16|*.169.254/16"/>
    <property name="jdk.debug" value="release"/>
    <property name="surefire.test.class.path" value="/Users/nikitakasnikov/Enterprise-nikasn-clean/target/test-classes:/Users/nikitakasnikov/Enterprise-nikasn-clean/target/classes:/Users/nikitakasnikov/.m2/repository/org/apache/commons/commons-lang3/3.12.0/commons-lang3-3.12.0.jar:/Users/nikitakasnikov/.m2/repository/javax/validation/validation-api/2.0.1.Final/validation-api-2.0.1.Final.jar:/Users/nikitakasnikov/.m2/repository/org/projectlombok/lombok/1.18.24/lombok-1.18.24.jar:/Users/nikitakasnikov/.m2/repository/org/mapstruct/mapstruct/1.5.3.Final/mapstruct-1.5.3.Final.jar:/Users/nikitakasnikov/.m2/repository/org/mapstruct/mapstruct-processor/1.5.3.Final/mapstruct-processor-1.5.3.Final.jar:/Users/nikitakasnikov/.m2/repository/mysql/mysql-connector-java/8.0.26/mysql-connector-java-8.0.26.jar:/Users/nikitakasnikov/.m2/repository/org/postgresql/postgresql/42.2.23/postgresql-42.2.23.jar:/Users/nikitakasnikov/.m2/repository/org/checkerframework/checker-qual/3.5.0/checker-qual-3.5.0.jar:/Users/nikitakasnikov/.m2/repository/org/springframework/boot/spring-boot-starter-data-jpa/2.5.3/spring-boot-starter-data-jpa-2.5.3.jar:/Users/nikitakasnikov/.m2/repository/org/springframework/boot/spring-boot-starter-aop/2.5.3/spring-boot-starter-aop-2.5.3.jar:/Users/nikitakasnikov/.m2/repository/org/springframework/spring-aop/5.3.9/spring-aop-5.3.9.jar:/Users/nikitakasnikov/.m2/repository/org/aspectj/aspectjweaver/1.9.7/aspectjweaver-1.9.7.jar:/Users/nikitakasnikov/.m2/repository/org/springframework/boot/spring-boot-starter-jdbc/2.5.3/spring-boot-starter-jdbc-2.5.3.jar:/Users/nikitakasnikov/.m2/repository/com/zaxxer/HikariCP/4.0.3/HikariCP-4.0.3.jar:/Users/nikitakasnikov/.m2/repository/org/springframework/spring-jdbc/5.3.9/spring-jdbc-5.3.9.jar:/Users/nikitakasnikov/.m2/repository/jakarta/transaction/jakarta.transaction-api/1.3.3/jakarta.transaction-api-1.3.3.jar:/Users/nikitakasnikov/.m2/repository/jakarta/persistence/jakarta.persistence-api/2.2.3/jakarta.persistence-api-2.2.3.jar:/Users/nikitakasnikov/.m2/repository/org/hibernate/hibernate-core/5.4.32.Final/hibernate-core-5.4.32.Final.jar:/Users/nikitakasnikov/.m2/repository/org/jboss/logging/jboss-logging/3.4.2.Final/jboss-logging-3.4.2.Final.jar:/Users/nikitakasnikov/.m2/repository/org/javassist/javassist/3.27.0-GA/javassist-3.27.0-GA.jar:/Users/nikitakasnikov/.m2/repository/net/bytebuddy/byte-buddy/1.10.22/byte-buddy-1.10.22.jar:/Users/nikitakasnikov/.m2/repository/antlr/antlr/2.7.7/antlr-2.7.7.jar:/Users/nikitakasnikov/.m2/repository/org/jboss/jandex/2.2.3.Final/jandex-2.2.3.Final.jar:/Users/nikitakasnikov/.m2/repository/com/fasterxml/classmate/1.5.1/classmate-1.5.1.jar:/Users/nikitakasnikov/.m2/repository/org/dom4j/dom4j/2.1.3/dom4j-2.1.3.jar:/Users/nikitakasnikov/.m2/repository/org/hibernate/common/hibernate-commons-annotations/5.1.2.Final/hibernate-commons-annotations-5.1.2.Final.jar:/Users/nikitakasnikov/.m2/repository/org/glassfish/jaxb/jaxb-runtime/2.3.4/jaxb-runtime-2.3.4.jar:/Users/nikitakasnikov/.m2/repository/org/glassfish/jaxb/txw2/2.3.4/txw2-2.3.4.jar:/Users/nikitakasnikov/.m2/repository/com/sun/istack/istack-commons-runtime/3.0.12/istack-commons-runtime-3.0.12.jar:/Users/nikitakasnikov/.m2/repository/com/sun/activation/jakarta.activation/1.2.2/jakarta.activation-1.2.2.jar:/Users/nikitakasnikov/.m2/repository/org/springframework/data/spring-data-jpa/2.5.3/spring-data-jpa-2.5.3.jar:/Users/nikitakasnikov/.m2/repository/org/springframework/data/spring-data-commons/2.5.3/spring-data-commons-2.5.3.jar:/Users/nikitakasnikov/.m2/repository/org/springframework/spring-orm/5.3.9/spring-orm-5.3.9.jar:/Users/nikitakasnikov/.m2/repository/org/springframework/spring-context/5.3.9/spring-context-5.3.9.jar:/Users/nikitakasnikov/.m2/repository/org/springframework/spring-tx/5.3.9/spring-tx-5.3.9.jar:/Users/nikitakasnikov/.m2/repository/org/springframework/spring-beans/5.3.9/spring-beans-5.3.9.jar:/Users/nikitakasnikov/.m2/repository/org/springframework/spring-aspects/5.3.9/spring-aspects-5.3.9.jar:/Users/nikitakasnikov/.m2/repository/org/springframework/boot/spring-boot-starter-web/2.5.3/spring-boot-starter-web-2.5.3.jar:/Users/nikitakasnikov/.m2/repository/org/springframework/boot/spring-boot-starter/2.5.3/spring-boot-starter-2.5.3.jar:/Users/nikitakasnikov/.m2/repository/org/springframework/boot/spring-boot/2.5.3/spring-boot-2.5.3.jar:/Users/nikitakasnikov/.m2/repository/org/springframework/boot/spring-boot-autoconfigure/2.5.3/spring-boot-autoconfigure-2.5.3.jar:/Users/nikitakasnikov/.m2/repository/org/springframework/boot/spring-boot-starter-logging/2.5.3/spring-boot-starter-logging-2.5.3.jar:/Users/nikitakasnikov/.m2/repository/ch/qos/logback/logback-classic/1.2.4/logback-classic-1.2.4.jar:/Users/nikitakasnikov/.m2/repository/ch/qos/logback/logback-core/1.2.4/logback-core-1.2.4.jar:/Users/nikitakasnikov/.m2/repository/org/apache/logging/log4j/log4j-to-slf4j/2.14.1/log4j-to-slf4j-2.14.1.jar:/Users/nikitakasnikov/.m2/repository/org/apache/logging/log4j/log4j-api/2.14.1/log4j-api-2.14.1.jar:/Users/nikitakasnikov/.m2/repository/org/slf4j/jul-to-slf4j/1.7.32/jul-to-slf4j-1.7.32.jar:/Users/nikitakasnikov/.m2/repository/jakarta/annotation/jakarta.annotation-api/1.3.5/jakarta.annotation-api-1.3.5.jar:/Users/nikitakasnikov/.m2/repository/org/springframework/boot/spring-boot-starter-json/2.5.3/spring-boot-starter-json-2.5.3.jar:/Users/nikitakasnikov/.m2/repository/com/fasterxml/jackson/core/jackson-databind/2.12.4/jackson-databind-2.12.4.jar:/Users/nikitakasnikov/.m2/repository/com/fasterxml/jackson/core/jackson-annotations/2.12.4/jackson-annotations-2.12.4.jar:/Users/nikitakasnikov/.m2/repository/com/fasterxml/jackson/datatype/jackson-datatype-jdk8/2.12.4/jackson-datatype-jdk8-2.12.4.jar:/Users/nikitakasnikov/.m2/repository/com/fasterxml/jackson/datatype/jackson-datatype-jsr310/2.12.4/jackson-datatype-jsr310-2.12.4.jar:/Users/nikitakasnikov/.m2/repository/com/fasterxml/jackson/module/jackson-module-parameter-names/2.12.4/jackson-module-parameter-names-2.12.4.jar:/Users/nikitakasnikov/.m2/repository/org/springframework/boot/spring-boot-starter-tomcat/2.5.3/spring-boot-starter-tomcat-2.5.3.jar:/Users/nikitakasnikov/.m2/repository/org/apache/tomcat/embed/tomcat-embed-core/9.0.50/tomcat-embed-core-9.0.50.jar:/Users/nikitakasnikov/.m2/repository/org/apache/tomcat/embed/tomcat-embed-websocket/9.0.50/tomcat-embed-websocket-9.0.50.jar:/Users/nikitakasnikov/.m2/repository/org/springframework/spring-web/5.3.9/spring-web-5.3.9.jar:/Users/nikitakasnikov/.m2/repository/org/springframework/spring-webmvc/5.3.9/spring-webmvc-5.3.9.jar:/Users/nikitakasnikov/.m2/repository/org/springframework/spring-expression/5.3.9/spring-expression-5.3.9.jar:/Users/nikitakasnikov/.m2/repository/org/liquibase/liquibase-core/4.16.1/liquibase-core-4.16.1.jar:/Users/nikitakasnikov/.m2/repository/javax/xml/bind/jaxb-api/2.3.1/jaxb-api-2.3.1.jar:/Users/nikitakasnikov/.m2/repository/javax/activation/javax.activation-api/1.2.0/javax.activation-api-1.2.0.jar:/Users/nikitakasnikov/.m2/repository/org/yaml/snakeyaml/1.28/snakeyaml-1.28.jar:/Users/nikitakasnikov/.m2/repository/com/opencsv/opencsv/5.6/opencsv-5.6.jar:/Users/nikitakasnikov/.m2/repository/org/apache/commons/commons-text/1.9/commons-text-1.9.jar:/Users/nikitakasnikov/.m2/repository/org/springframework/boot/spring-boot-starter-validation/2.5.3/spring-boot-starter-validation-2.5.3.jar:/Users/nikitakasnikov/.m2/repository/org/apache/tomcat/embed/tomcat-embed-el/9.0.50/tomcat-embed-el-9.0.50.jar:/Users/nikitakasnikov/.m2/repository/org/hibernate/validator/hibernate-validator/6.2.0.Final/hibernate-validator-6.2.0.Final.jar:/Users/nikitakasnikov/.m2/repository/jakarta/validation/jakarta.validation-api/2.0.2/jakarta.validation-api-2.0.2.jar:/Users/nikitakasnikov/.m2/repository/org/liquibase/liquibase-maven-plugin/4.16.1/liquibase-maven-plugin-4.16.1.jar:/Users/nikitakasnikov/.m2/repository/org/liquibase/liquibase-commercial/4.16.1/liquibase-commercial-4.16.1.jar:/Users/nikitakasnikov/.m2/repository/org/springdoc/springdoc-openapi-ui/1.6.12/springdoc-openapi-ui-1.6.12.jar:/Users/nikitakasnikov/.m2/repository/org/springdoc/springdoc-openapi-webmvc-core/1.6.12/springdoc-openapi-webmvc-core-1.6.12.jar:/Users/nikitakasnikov/.m2/repository/org/springdoc/springdoc-openapi-common/1.6.12/springdoc-openapi-common-1.6.12.jar:/Users/nikitakasnikov/.m2/repository/io/swagger/core/v3/swagger-core/2.2.4/swagger-core-2.2.4.jar:/Users/nikitakasnikov/.m2/repository/com/fasterxml/jackson/dataformat/jackson-dataformat-yaml/2.12.4/jackson-dataformat-yaml-2.12.4.jar:/Users/nikitakasnikov/.m2/repository/io/swagger/core/v3/swagger-annotations/2.2.4/swagger-annotations-2.2.4.jar:/Users/nikitakasnikov/.m2/repository/io/swagger/core/v3/swagger-models/2.2.4/swagger-models-2.2.4.jar:/Users/nikitakasnikov/.m2/repository/org/webjars/swagger-ui/4.14.3/swagger-ui-4.14.3.jar:/Users/nikitakasnikov/.m2/repository/org/webjars/webjars-locator-core/0.46/webjars-locator-core-0.46.jar:/Users/nikitakasnikov/.m2/repository/com/fasterxml/jackson/core/jackson-core/2.12.4/jackson-core-2.12.4.jar:/Users/nikitakasnikov/.m2/repository/io/github/classgraph/classgraph/4.8.149/classgraph-4.8.149.jar:/Users/nikitakasnikov/.m2/repository/org/springframework/boot/spring-boot-starter-test/2.5.3/spring-boot-starter-test-2.5.3.jar:/Users/nikitakasnikov/.m2/repository/org/springframework/boot/spring-boot-test/2.5.3/spring-boot-test-2.5.3.jar:/Users/nikitakasnikov/.m2/repository/org/springframework/boot/spring-boot-test-autoconfigure/2.5.3/spring-boot-test-autoconfigure-2.5.3.jar:/Users/nikitakasnikov/.m2/repository/com/jayway/jsonpath/json-path/2.5.0/json-path-2.5.0.jar:/Users/nikitakasnikov/.m2/repository/net/minidev/json-smart/2.4.7/json-smart-2.4.7.jar:/Users/nikitakasnikov/.m2/repository/net/minidev/accessors-smart/2.4.7/accessors-smart-2.4.7.jar:/Users/nikitakasnikov/.m2/repository/org/ow2/asm/asm/9.1/asm-9.1.jar:/Users/nikitakasnikov/.m2/repository/jakarta/xml/bind/jakarta.xml.bind-api/2.3.3/jakarta.xml.bind-api-2.3.3.jar:/Users/nikitakasnikov/.m2/repository/jakarta/activation/jakarta.activation-api/1.2.2/jakarta.activation-api-1.2.2.jar:/Users/nikitakasnikov/.m2/repository/org/assertj/assertj-core/3.19.0/assertj-core-3.19.0.jar:/Users/nikitakasnikov/.m2/repository/org/hamcrest/hamcrest/2.2/hamcrest-2.2.jar:/Users/nikitakasnikov/.m2/repository/org/junit/jupiter/junit-jupiter/5.7.2/junit-jupiter-5.7.2.jar:/Users/nikitakasnikov/.m2/repository/org/junit/jupiter/junit-jupiter-api/5.7.2/junit-jupiter-api-5.7.2.jar:/Users/nikitakasnikov/.m2/repository/org/apiguardian/apiguardian-api/1.1.0/apiguardian-api-1.1.0.jar:/Users/nikitakasnikov/.m2/repository/org/opentest4j/opentest4j/1.2.0/opentest4j-1.2.0.jar:/Users/nikitakasnikov/.m2/repository/org/junit/platform/junit-platform-commons/1.7.2/junit-platform-commons-1.7.2.jar:/Users/nikitakasnikov/.m2/repository/org/junit/jupiter/junit-jupiter-params/5.7.2/junit-jupiter-params-5.7.2.jar:/Users/nikitakasnikov/.m2/repository/org/junit/jupiter/junit-jupiter-engine/5.7.2/junit-jupiter-engine-5.7.2.jar:/Users/nikitakasnikov/.m2/repository/org/junit/platform/junit-platform-engine/1.7.2/junit-platform-engine-1.7.2.jar:/Users/nikitakasnikov/.m2/repository/org/mockito/mockito-core/3.9.0/mockito-core-3.9.0.jar:/Users/nikitakasnikov/.m2/repository/net/bytebuddy/byte-buddy-agent/1.10.22/byte-buddy-agent-1.10.22.jar:/Users/nikitakasnikov/.m2/repository/org/objenesis/objenesis/3.2/objenesis-3.2.jar:/Users/nikitakasnikov/.m2/repository/org/mockito/mockito-junit-jupiter/3.9.0/mockito-junit-jupiter-3.9.0.jar:/Users/nikitakasnikov/.m2/repository/org/skyscreamer/jsonassert/1.5.0/jsonassert-1.5.0.jar:/Users/nikitakasnikov/.m2/repository/com/vaadin/external/google/android-json/0.0.20131108.vaadin1/android-json-0.0.20131108.vaadin1.jar:/Users/nikitakasnikov/.m2/repository/org/springframework/spring-core/5.3.9/spring-core-5.3.9.jar:/Users/nikitakasnikov/.m2/repository/org/springframework/spring-jcl/5.3.9/spring-jcl-5.3.9.jar:/Users/nikitakasnikov/.m2/repository/org/springframework/spring-test/5.3.9/spring-test-5.3.9.jar:/Users/nikitakasnikov/.m2/repository/org/xmlunit/xmlunit-core/2.8.2/xmlunit-core-2.8.2.jar:/Users/nikitakasnikov/.m2/repository/com/h2database/h2/1.4.200/h2-1.4.200.jar:/Users/nikitakasnikov/.m2/repository/org/apache/poi/poi/5.0.0/poi-5.0.0.jar:/Users/nikitakasnikov/.m2/repository/org/slf4j/slf4j-api/1.7.32/slf4j-api-1.7.32.jar:/Users/nikitakasnikov/.m2/repository/org/slf4j/jcl-over-slf4j/1.7.32/jcl-over-slf4j-1.7.32.jar:/Users/nikitakasnikov/.m2/repository/commons-codec/commons-codec/1.15/commons-codec-1.15.jar:/Users/nikitakasnikov/.m2/repository/org/apache/commons/commons-collections4/4.4/commons-collections4-4.4.jar:/Users/nikitakasnikov/.m2/repository/org/apache/commons/commons-math3/3.6.1/commons-math3-3.6.1.jar:/Users/nikitakasnikov/.m2/repository/com/zaxxer/SparseBitSet/1.2/SparseBitSet-1.2.jar:/Users/nikitakasnikov/.m2/repository/org/apache/poi/poi-ooxml/5.0.0/poi-ooxml-5.0.0.jar:/Users/nikitakasnikov/.m2/repository/org/apache/poi/poi-ooxml-lite/5.0.0/poi-ooxml-lite-5.0.0.jar:/Users/nikitakasnikov/.m2/repository/org/apache/xmlbeans/xmlbeans/4.0.0/xmlbeans-4.0.0.jar:/Users/nikitakasnikov/.m2/repository/org/apache/commons/commons-compress/1.20/commons-compress-1.20.jar:/Users/nikitakasnikov/.m2/repository/com/github/virtuald/curvesapi/1.06/curvesapi-1.06.jar:/Users/nikitakasnikov/.m2/repository/org/bouncycastle/bcpkix-jdk15on/1.68/bcpkix-jdk15on-1.68.jar:/Users/nikitakasnikov/.m2/repository/org/bouncycastle/bcprov-jdk15on/1.68/bcprov-jdk15on-1.68.jar:/Users/nikitakasnikov/.m2/repository/org/apache/santuario/xmlsec/2.2.1/xmlsec-2.2.1.jar:/Users/nikitakasnikov/.m2/repository/com/fasterxml/woodstox/woodstox-core/5.2.1/woodstox-core-5.2.1.jar:/Users/nikitakasnikov/.m2/repository/org/codehaus/woodstox/stax2-api/4.2/stax2-api-4.2.jar:/Users/nikitakasnikov/.m2/repository/org/apache/xmlgraphics/batik-all/1.13/batik-all-1.13.jar:/Users/nikitakasnikov/.m2/repository/org/apache/xmlgraphics/batik-anim/1.13/batik-anim-1.13.jar:/Users/nikitakasnikov/.m2/repository/org/apache/xmlgraphics/batik-shared-resources/1.13/batik-shared-resources-1.13.jar:/Users/nikitakasnikov/.m2/repository/xml-apis/xml-apis-ext/1.3.04/xml-apis-ext-1.3.04.jar:/Users/nikitakasnikov/.m2/repository/org/apache/xmlgraphics/batik-awt-util/1.13/batik-awt-util-1.13.jar:/Users/nikitakasnikov/.m2/repository/org/apache/xmlgraphics/xmlgraphics-commons/2.4/xmlgraphics-commons-2.4.jar:/Users/nikitakasnikov/.m2/repository/commons-io/commons-io/1.3.1/commons-io-1.3.1.jar:/Users/nikitakasnikov/.m2/repository/org/apache/xmlgraphics/batik-bridge/1.13/batik-bridge-1.13.jar:/Users/nikitakasnikov/.m2/repository/org/apache/xmlgraphics/batik-codec/1.13/batik-codec-1.13.jar:/Users/nikitakasnikov/.m2/repository/org/apache/xmlgraphics/batik-constants/1.13/batik-constants-1.13.jar:/Users/nikitakasnikov/.m2/repository/org/apache/xmlgraphics/batik-css/1.13/batik-css-1.13.jar:/Users/nikitakasnikov/.m2/repository/org/apache/xmlgraphics/batik-dom/1.13/batik-dom-1.13.jar:/Users/nikitakasnikov/.m2/repository/xalan/xalan/2.7.2/xalan-2.7.2.jar:/Users/nikitakasnikov/.m2/repository/xalan/serializer/2.7.2/serializer-2.7.2.jar:/Users/nikitakasnikov/.m2/repository/xml-apis/xml-apis/1.4.01/xml-apis-1.4.01.jar:/Users/nikitakasnikov/.m2/repository/org/apache/xmlgraphics/batik-ext/1.13/batik-ext-1.13.jar:/Users/nikitakasnikov/.m2/repository/org/apache/xmlgraphics/batik-extension/1.13/batik-extension-1.13.jar:/Users/nikitakasnikov/.m2/repository/org/apache/xmlgraphics/batik-gui-util/1.13/batik-gui-util-1.13.jar:/Users/nikitakasnikov/.m2/repository/org/apache/xmlgraphics/batik-gvt/1.13/batik-gvt-1.13.jar:/Users/nikitakasnikov/.m2/repository/org/apache/xmlgraphics/batik-i18n/1.13/batik-i18n-1.13.jar:/Users/nikitakasnikov/.m2/repository/org/apache/xmlgraphics/batik-parser/1.13/batik-parser-1.13.jar:/Users/nikitakasnikov/.m2/repository/org/apache/xmlgraphics/batik-rasterizer-ext/1.13/batik-rasterizer-ext-1.13.jar:/Users/nikitakasnikov/.m2/repository/org/apache/xmlgraphics/batik-rasterizer/1.13/batik-rasterizer-1.13.jar:/Users/nikitakasnikov/.m2/repository/org/apache/xmlgraphics/batik-script/1.13/batik-script-1.13.jar:/Users/nikitakasnikov/.m2/repository/org/apache/xmlgraphics/batik-slideshow/1.13/batik-slideshow-1.13.jar:/Users/nikitakasnikov/.m2/repository/org/apache/xmlgraphics/batik-squiggle-ext/1.13/batik-squiggle-ext-1.13.jar:/Users/nikitakasnikov/.m2/repository/org/apache/xmlgraphics/batik-squiggle/1.13/batik-squiggle-1.13.jar:/Users/nikitakasnikov/.m2/repository/org/apache/xmlgraphics/batik-svg-dom/1.13/batik-svg-dom-1.13.jar:/Users/nikitakasnikov/.m2/repository/org/apache/xmlgraphics/batik-svgbrowser/1.13/batik-svgbrowser-1.13.jar:/Users/nikitakasnikov/.m2/repository/org/apache/xmlgraphics/batik-svggen/1.13/batik-svggen-1.13.jar:/Users/nikitakasnikov/.m2/repository/org/apache/xmlgraphics/batik-svgpp/1.13/batik-svgpp-1.13.jar:/Users/nikitakasnikov/.m2/repository/org/apache/xmlgraphics/batik-svgrasterizer/1.13/batik-svgrasterizer-1.13.jar:/Users/nikitakasnikov/.m2/repository/org/apache/xmlgraphics/batik-swing/1.13/batik-swing-1.13.jar:/Users/nikitakasnikov/.m2/repository/org/apache/xmlgraphics/batik-transcoder/1.13/batik-transcoder-1.13.jar:/Users/nikitakasnikov/.m2/repository/org/apache/xmlgraphics/batik-util/1.13/batik-util-1.13.jar:/Users/nikitakasnikov/.m2/repository/org/apache/xmlgraphics/batik-ttf2svg/1.13/batik-ttf2svg-1.13.jar:/Users/nikitakasnikov/.m2/repository/org/apache/xmlgraphics/batik-xml/1.13/batik-xml-1.13.jar:/Users/nikitakasnikov/.m2/repository/de/rototor/pdfbox/graphics2d/0.30/graphics2d-0.30.jar:/Users/nikitakasnikov/.m2/repository/org/apache/pdfbox/pdfbox/2.0.22/pdfbox-2.0.22.jar:/Users/nikitakasnikov/.m2/repository/org/apache/pdfbox/fontbox/2.0.22/fontbox-2.0.22.jar:/Users/nikitakasnikov/.m2/repository/io/rest-assured/rest-assured/5.2.0/rest-assured-5.2.0.jar:/Users/nikitakasnikov/.m2/repository/org/apache/groovy/groovy/4.0.1/groovy-4.0.1.jar:/Users/nikitakasnikov/.m2/repository/org/apache/httpcomponents/httpclient/4.5.13/httpclient-4.5.13.jar:/Users/nikitakasnikov/.m2/repository/org/apache/httpcomponents/httpcore/4.4.14/httpcore-4.4.14.jar:/Users/nikitakasnikov/.m2/repository/org/apache/httpcomponents/httpmime/4.5.13/httpmime-4.5.13.jar:/Users/nikitakasnikov/.m2/repository/org/ccil/cowan/tagsoup/tagsoup/1.2.1/tagsoup-1.2.1.jar:/Users/nikitakasnikov/.m2/repository/io/rest-assured/json-path/4.3.3/json-path-4.3.3.jar:/Users/nikitakasnikov/.m2/repository/org/codehaus/groovy/groovy-json/3.0.8/groovy-json-3.0.8.jar:/Users/nikitakasnikov/.m2/repository/org/codehaus/groovy/groovy/3.0.8/groovy-3.0.8.jar:/Users/nikitakasnikov/.m2/repository/io/rest-assured/xml-path/5.2.0/xml-path-5.2.0.jar:/Users/nikitakasnikov/.m2/repository/org/apache/groovy/groovy-xml/4.0.1/groovy-xml-4.0.1.jar:/Users/nikitakasnikov/.m2/repository/io/rest-assured/rest-assured-common/5.2.0/rest-assured-common-5.2.0.jar:"/>
    <property name="sun.cpu.endian" value="little"/>
    <property name="user.home" value="/Users/nikitakasnikov"/>
    <property name="user.language" value="en"/>
    <property name="java.specification.vendor" value="Oracle Corporation"/>
    <property name="java.version.date" value="2023-04-18"/>
    <property name="java.home" value="/Users/nikitakasnikov/Library/Java/JavaVirtualMachines/openjdk-20.0.1/Contents/Home"/>
    <property name="file.separator" value="/"/>
    <property name="basedir" value="/Users/nikitakasnikov/Enterprise-nikasn-clean"/>
    <property name="java.vm.compressedOopsMode" value="Zero based"/>
    <property name="line.separator" value="&#10;"/>
    <property name="java.vm.specification.vendor" value="Oracle Corporation"/>
    <property name="java.specification.name" value="Java Platform API Specification"/>
    <property name="apple.awt.application.name" value="ForkedBooter"/>
    <property name="surefire.real.class.path" value="/Users/nikitakasnikov/Enterprise-nikasn-clean/target/surefire/surefirebooter13563381110901939045.jar"/>
    <property name="sun.management.compiler" value="HotSpot 64-Bit Tiered Compilers"/>
    <property name="ftp.nonProxyHosts" value="local|*.local|169.254/16|*.169.254/16"/>
    <property name="java.runtime.version" value="20.0.1+9-29"/>
    <property name="user.name" value="nikitakasnikov"/>
    <property name="stdout.encoding" value="UTF-8"/>
    <property name="path.separator" value=":"/>
    <property name="os.version" value="12.5"/>
    <property name="java.runtime.name" value="OpenJDK Runtime Environment"/>
    <property name="file.encoding" value="UTF-8"/>
    <property name="java.vm.name" value="OpenJDK 64-Bit Server VM"/>
    <property name="localRepository" value="/Users/nikitakasnikov/.m2/repository"/>
    <property name="java.vendor.url.bug" value="https://bugreport.java.com/bugreport/"/>
    <property name="java.io.tmpdir" value="/var/folders/80/sxh1dwzd7ws9ll_c64v3f73r0000gn/T/"/>
    <property name="java.version" value="20.0.1"/>
    <property name="user.dir" value="/Users/nikitakasnikov/Enterprise-nikasn-clean"/>
    <property name="os.arch" value="aarch64"/>
    <property name="java.vm.specification.name" value="Java Virtual Machine Specification"/>
    <property name="native.encoding" value="UTF-8"/>
    <property name="java.library.path" value="/Users/nikitakasnikov/Library/Java/Extensions:/Library/Java/Extensions:/Network/Library/Java/Extensions:/System/Library/Java/Extensions:/usr/lib/java:."/>
    <property name="java.vm.info" value="mixed mode, sharing"/>
    <property name="stderr.encoding" value="UTF-8"/>
    <property name="java.vendor" value="Oracle Corporation"/>
    <property name="java.vm.version" value="20.0.1+9-29"/>
    <property name="sun.io.unicode.encoding" value="UnicodeBig"/>
    <property name="socksNonProxyHosts" value="local|*.local|169.254/16|*.169.254/16"/>
    <property name="java.class.version" value="64.0"/>
  </properties>
  <testcase name="testAddNonExistingEmployeeToGroup" classname="com.knits.enterprise.service.company.GroupServiceTest" time="0.019"/>
  <testcase name="testAddEmployeeToNonExistingGroup" classname="com.knits.enterprise.service.company.GroupServiceTest" time="0.001"/>
  <testcase name="testAddEmployeeToExistingGroup" classname="com.knits.enterprise.service.company.GroupServiceTest" time="0.002"/>
</testsuite>